2024-05-12T11:48:01.550+0800	INFO	database/mysql.go:51	数据库初始化完成
2024-05-12T11:48:37.140+0800	INFO	middleware/middleware.go:63	The time cost is 0
2024-05-12T11:49:34.312+0800	INFO	middleware/middleware.go:63	The time cost is 0
2024-05-12T11:49:37.622+0800	INFO	middleware/middleware.go:63	The time cost is 0
2024-05-12T11:50:59.864+0800	INFO	middleware/middleware.go:63	The time cost is 1
2024-05-12T11:53:07.337+0800	INFO	middleware/middleware.go:63	The time cost is 1
2024-05-12T11:54:54.882+0800	INFO	middleware/middleware.go:63	The time cost is 0
2024-05-12T11:55:00.546+0800	INFO	middleware/middleware.go:63	The time cost is 0
2024-05-12T11:55:06.715+0800	INFO	middleware/middleware.go:63	The time cost is 0
2024-05-13T09:02:06.937+0800	INFO	database/mysql.go:51	数据库初始化完成
2024-05-13T09:02:14.284+0800	INFO	middleware/middleware.go:63	The time cost is 43
2024-05-13T09:02:57.518+0800	INFO	middleware/middleware.go:63	The time cost is 43
2024-05-13T09:14:37.942+0800	INFO	database/mysql.go:51	数据库初始化完成
2024-05-13T09:14:48.453+0800	ERROR	repository/user_repo.go:63	genji%!(EXTRA string=:该用户在别处已经登录)
2024-05-13T09:14:48.453+0800	INFO	middleware/middleware.go:63	The time cost is 0
2024-05-13T09:27:27.152+0800	INFO	database/mysql.go:51	数据库初始化完成
2024-05-13T09:27:34.480+0800	ERROR	repository/user_repo.go:63	genji%!(EXTRA string=:该用户在别处已经登录)
2024-05-13T09:27:34.480+0800	INFO	middleware/middleware.go:63	The time cost is 1
2024-05-13T09:28:35.870+0800	INFO	database/mysql.go:51	数据库初始化完成
2024-05-13T09:28:41.763+0800	ERROR	repository/user_repo.go:65	genji%!(EXTRA string=:该用户在别处已经登录)
2024-05-13T09:28:41.763+0800	INFO	middleware/middleware.go:63	The time cost is 0
2024-05-13T09:30:31.173+0800	ERROR	repository/user_repo.go:59	query db error:%!(EXTRA *errors.errorString=record not found)
2024-05-13T09:30:31.173+0800	INFO	middleware/middleware.go:63	The time cost is 2
2024-05-13T09:36:29.803+0800	INFO	database/mysql.go:51	数据库初始化完成
2024-05-13T09:36:35.734+0800	INFO	middleware/middleware.go:63	The time cost is 43
2024-05-13T09:36:55.310+0800	ERROR	repository/user_repo.go:68	genji%!(EXTRA string=:该用户在别处已经登录)
2024-05-13T09:36:55.310+0800	INFO	middleware/middleware.go:63	The time cost is 5
2024-05-13T09:53:21.157+0800	INFO	database/mysql.go:51	数据库初始化完成
2024-05-13T09:53:37.675+0800	ERROR	repository/user_repo.go:68	genji%!(EXTRA string=:该用户在别处已经登录)
2024-05-13T09:53:37.675+0800	INFO	middleware/middleware.go:63	The time cost is 1
2024-05-13T09:54:36.035+0800	INFO	middleware/middleware.go:63	The time cost is 0
2024-05-13T09:55:16.315+0800	ERROR	repository/user_repo.go:68	genji%!(EXTRA string=:该用户在别处已经登录)
2024-05-13T09:55:16.315+0800	INFO	middleware/middleware.go:63	The time cost is 5
2024-05-13T09:55:24.468+0800	INFO	middleware/middleware.go:63	The time cost is 4
2024-05-13T09:55:27.795+0800	INFO	middleware/middleware.go:63	The time cost is 0
2024-05-13T09:55:43.022+0800	INFO	middleware/middleware.go:63	The time cost is 46
2024-05-13T09:56:19.129+0800	ERROR	repository/user_repo.go:68	genji%!(EXTRA string=:该用户在别处已经登录)
2024-05-13T09:56:19.129+0800	INFO	middleware/middleware.go:63	The time cost is 0
2024-05-13T09:56:27.734+0800	INFO	middleware/middleware.go:63	The time cost is 0
2024-05-13T09:56:36.250+0800	ERROR	repository/user_repo.go:68	genji%!(EXTRA string=:该用户在别处已经登录)
2024-05-13T09:56:36.250+0800	INFO	middleware/middleware.go:63	The time cost is 1
2024-05-13T10:03:06.808+0800	INFO	database/mysql.go:51	数据库初始化完成
2024-05-13T10:03:13.131+0800	ERROR	repository/user_repo.go:68	genji%!(EXTRA string=:该用户在别处已经登录)
2024-05-13T10:03:13.131+0800	INFO	middleware/middleware.go:63	The time cost is 1
2024-05-13T10:06:00.552+0800	INFO	database/mysql.go:51	数据库初始化完成
2024-05-13T10:06:11.995+0800	ERROR	repository/user_repo.go:68	genji%!(EXTRA string=:该用户在别处已经登录)
2024-05-13T10:06:11.995+0800	ERROR	service/users.go:59	注册出错：该用户在别处已经登录
2024-05-13T10:06:11.995+0800	INFO	middleware/middleware.go:63	The time cost is 1
2024-05-13T10:15:46.525+0800	ERROR	repository/user_repo.go:68	genji%!(EXTRA string=:该用户在别处已经登录)
2024-05-13T10:15:46.525+0800	ERROR	service/users.go:59	注册出错：该用户在别处已经登录
2024-05-13T10:15:46.525+0800	INFO	middleware/middleware.go:63	The time cost is 1
2024-05-13T10:16:23.094+0800	INFO	middleware/middleware.go:63	The time cost is 5
2024-05-13T10:16:28.801+0800	INFO	middleware/middleware.go:63	The time cost is 0
2024-05-13T10:16:50.017+0800	INFO	middleware/middleware.go:63	The time cost is 0
2024-05-13T10:17:30.556+0800	INFO	middleware/middleware.go:63	The time cost is 45
2024-05-13T10:17:35.116+0800	ERROR	repository/user_repo.go:68	genji%!(EXTRA string=:该用户在别处已经登录)
2024-05-13T10:17:35.116+0800	ERROR	service/users.go:59	注册出错：该用户在别处已经登录
2024-05-13T10:17:35.116+0800	INFO	middleware/middleware.go:63	The time cost is 0
2024-05-13T10:39:42.402+0800	INFO	database/mysql.go:51	数据库初始化完成
2024-05-13T10:39:50.538+0800	INFO	middleware/middleware.go:63	The time cost is 46
2024-05-13T10:40:00.788+0800	INFO	middleware/middleware.go:63	The time cost is 44
2024-05-13T10:40:37.995+0800	INFO	database/mysql.go:51	数据库初始化完成
2024-05-13T10:41:10.382+0800	INFO	middleware/middleware.go:63	The time cost is 44
2024-05-13T10:42:21.158+0800	INFO	database/mysql.go:51	数据库初始化完成
2024-05-13T10:42:42.585+0800	INFO	repository/token_repo.go:41	token_repo query result:&{{0} 0  0 false 0}
2024-05-13T10:42:42.585+0800	INFO	middleware/middleware.go:63	The time cost is 39
2024-05-13T10:49:15.839+0800	INFO	database/mysql.go:51	数据库初始化完成
2024-05-13T10:49:26.067+0800	INFO	database/mysql.go:51	数据库初始化完成
2024-05-13T10:49:33.642+0800	ERROR	repository/token_repo.go:30	数据库查询token出错：record not found
2024-05-13T10:49:33.650+0800	INFO	middleware/middleware.go:63	The time cost is 44
2024-05-13T10:49:39.678+0800	INFO	middleware/middleware.go:63	The time cost is 43
2024-05-13T10:49:51.157+0800	INFO	middleware/middleware.go:63	The time cost is 0
2024-05-13T10:49:58.210+0800	INFO	middleware/middleware.go:63	The time cost is 43
2024-05-13T10:53:58.476+0800	INFO	database/mysql.go:51	数据库初始化完成
2024-05-13T10:54:30.616+0800	INFO	middleware/middleware.go:63	The time cost is 1
2024-05-13T10:55:25.497+0800	INFO	middleware/middleware.go:63	The time cost is 1
2024-05-13T10:57:33.544+0800	INFO	middleware/middleware.go:63	The time cost is 0
2024-05-13T10:58:04.430+0800	INFO	middleware/middleware.go:63	The time cost is 0
2024-05-13T10:58:09.694+0800	INFO	middleware/middleware.go:63	The time cost is 0
2024-05-13T11:04:12.584+0800	ERROR	middleware/middleware.go:43	parse json error:json: cannot unmarshal string into Go struct field UpdateUserProfile.user_id of type int64
2024-05-13T11:05:55.250+0800	INFO	middleware/middleware.go:63	The time cost is 0
2024-05-13T11:07:07.185+0800	INFO	middleware/middleware.go:63	The time cost is 3
2024-05-13T11:07:15.325+0800	INFO	middleware/middleware.go:63	The time cost is 1
2024-05-15T11:46:41.024+0800	INFO	database/mysql.go:51	数据库初始化完成
2024-05-15T11:49:14.249+0800	INFO	middleware/middleware.go:63	The time cost is 0
2024-05-15T11:50:40.767+0800	INFO	middleware/middleware.go:63	The time cost is 1
2024-05-15T11:51:22.501+0800	INFO	middleware/middleware.go:63	The time cost is 1
2024-05-15T11:51:29.029+0800	INFO	middleware/middleware.go:63	The time cost is 0
2024-05-15T11:51:35.685+0800	INFO	middleware/middleware.go:63	The time cost is 0
2024-05-15T11:51:58.658+0800	INFO	middleware/middleware.go:63	The time cost is 2
2024-05-15T11:52:18.371+0800	INFO	middleware/middleware.go:63	The time cost is 1
2024-05-15T11:52:40.823+0800	INFO	middleware/middleware.go:63	The time cost is 1
2024-05-15T11:55:20.910+0800	INFO	middleware/middleware.go:63	The time cost is 57
2024-05-15T11:55:26.539+0800	INFO	middleware/middleware.go:63	The time cost is 47
2024-05-15T11:55:50.094+0800	INFO	middleware/middleware.go:63	The time cost is 1
2024-05-15T11:56:09.840+0800	INFO	middleware/middleware.go:63	The time cost is 1
2024-05-15T11:56:32.665+0800	INFO	middleware/middleware.go:63	The time cost is 3
2024-05-15T11:56:41.763+0800	INFO	middleware/middleware.go:63	The time cost is 1
2024-05-15T11:57:07.587+0800	INFO	middleware/middleware.go:63	The time cost is 0
2024-05-15T11:57:49.537+0800	INFO	middleware/middleware.go:63	The time cost is 45
2024-05-15T11:58:09.266+0800	INFO	middleware/middleware.go:63	The time cost is 1
2024-05-15T11:58:30.554+0800	INFO	middleware/middleware.go:63	The time cost is 2
2024-05-15T11:58:31.962+0800	INFO	middleware/middleware.go:63	The time cost is 0
2024-05-15T11:58:39.355+0800	INFO	middleware/middleware.go:63	The time cost is 0
2024-05-15T11:59:10.786+0800	INFO	middleware/middleware.go:63	The time cost is 0
2024-05-15T12:47:36.196+0800	INFO	database/mysql.go:51	数据库初始化完成
2024-05-15T12:49:00.940+0800	INFO	middleware/middleware.go:63	The time cost is 48
2024-05-15T12:50:01.604+0800	INFO	middleware/middleware.go:63	The time cost is 1
2024-05-15T12:50:44.435+0800	INFO	middleware/middleware.go:63	The time cost is 4
2024-05-15T12:50:52.553+0800	INFO	middleware/middleware.go:63	The time cost is 1
2024-05-15T12:53:22.432+0800	INFO	middleware/middleware.go:63	The time cost is 6
2024-05-15T12:54:17.562+0800	INFO	middleware/middleware.go:63	The time cost is 0
2024-05-15T12:59:49.369+0800	INFO	database/mysql.go:51	数据库初始化完成
2024-05-15T12:59:56.036+0800	INFO	middleware/middleware.go:63	The time cost is 0
2024-05-15T13:02:38.413+0800	INFO	middleware/middleware.go:63	The time cost is 53
2024-05-15T13:02:56.118+0800	INFO	middleware/middleware.go:63	The time cost is 0
2024-05-15T13:03:02.565+0800	INFO	middleware/middleware.go:63	The time cost is 0
2024-05-15T13:03:23.629+0800	INFO	middleware/middleware.go:63	The time cost is 0
2024-05-15T13:03:27.661+0800	INFO	middleware/middleware.go:63	The time cost is 1
2024-05-15T13:03:32.585+0800	INFO	middleware/middleware.go:63	The time cost is 0
2024-05-15T13:03:37.361+0800	INFO	middleware/middleware.go:63	The time cost is 0
2024-05-15T13:03:42.140+0800	INFO	middleware/middleware.go:63	The time cost is 0
2024-05-15T13:03:49.859+0800	INFO	middleware/middleware.go:63	The time cost is 57
2024-05-15T13:03:56.703+0800	INFO	middleware/middleware.go:63	The time cost is 60
2024-05-15T13:04:02.423+0800	INFO	middleware/middleware.go:63	The time cost is 0
2024-05-15T13:04:06.657+0800	INFO	middleware/middleware.go:63	The time cost is 0
2024-05-15T13:04:22.460+0800	INFO	middleware/middleware.go:63	The time cost is 0
2024-05-15T13:06:06.551+0800	INFO	middleware/middleware.go:63	The time cost is 1
2024-05-15T13:06:23.709+0800	INFO	middleware/middleware.go:63	The time cost is 0
2024-05-15T13:07:23.776+0800	INFO	database/mysql.go:51	数据库初始化完成
2024-05-15T13:07:29.824+0800	INFO	middleware/middleware.go:63	The time cost is 0
2024-05-15T13:07:36.310+0800	INFO	middleware/middleware.go:63	The time cost is 0
2024-05-15T13:08:20.806+0800	INFO	middleware/middleware.go:63	The time cost is 0
2024-05-15T13:08:48.703+0800	INFO	database/mysql.go:51	数据库初始化完成
2024-05-15T13:08:53.993+0800	INFO	middleware/middleware.go:63	The time cost is 0
2024-05-15T13:09:48.624+0800	INFO	database/mysql.go:51	数据库初始化完成
2024-05-15T13:09:54.165+0800	INFO	middleware/middleware.go:63	The time cost is 0
2024-05-15T13:09:57.677+0800	INFO	middleware/middleware.go:63	The time cost is 0
2024-05-15T13:11:01.406+0800	INFO	database/mysql.go:51	数据库初始化完成
2024-05-15T13:11:08.211+0800	INFO	middleware/middleware.go:63	The time cost is 1
2024-05-15T13:11:35.461+0800	INFO	database/mysql.go:51	数据库初始化完成
2024-05-15T13:11:39.894+0800	INFO	middleware/middleware.go:63	The time cost is 0
2024-05-15T13:16:09.235+0800	INFO	database/mysql.go:51	数据库初始化完成
2024-05-15T13:16:15.863+0800	INFO	repository/user_repo.go:31	query db result:&{{0}       false  0 0 0 0 0 0 0    0 0 0}
2024-05-15T13:16:15.863+0800	ERROR	repository/user_repo.go:33	query db error:%!(EXTRA *errors.errorString=record not found)
2024-05-15T13:16:15.863+0800	INFO	middleware/middleware.go:63	The time cost is 1
2024-05-15T13:18:11.108+0800	INFO	repository/user_repo.go:31	query db result:&{{0}       false  0 0 0 0 0 0 0    0 0 0}
2024-05-15T13:18:11.108+0800	ERROR	repository/user_repo.go:33	query db error:%!(EXTRA *errors.errorString=record not found)
2024-05-15T13:18:11.109+0800	INFO	middleware/middleware.go:63	The time cost is 2
2024-05-15T13:18:20.262+0800	INFO	repository/user_repo.go:31	query db result:&{{1} genji_77 源氏 $2a$10$EdADHTKt2jKv3YXMo51Zo.ZgU16CGUVk8/S.n5k5KKFQLmr8.qT8e https://robohash.org/2aea26d12e96c68bc20ae3d14d748a78?set=set4 2 1612977482@qq.com false 超级喜欢半泽由里子 0 0 0 0 0 0 0    1715484852727 0 0}
2024-05-15T13:18:20.311+0800	INFO	middleware/middleware.go:63	The time cost is 50
2024-05-15T13:18:35.444+0800	INFO	repository/user_repo.go:31	query db result:&{{1} genji_77 源氏 $2a$10$EdADHTKt2jKv3YXMo51Zo.ZgU16CGUVk8/S.n5k5KKFQLmr8.qT8e https://robohash.org/2aea26d12e96c68bc20ae3d14d748a78?set=set4 2 1612977482@qq.com false 超级喜欢半泽由里子 0 0 0 0 0 0 0    1715484852727 0 0}
2024-05-15T13:18:35.493+0800	INFO	middleware/middleware.go:63	The time cost is 49
2024-05-15T13:19:17.825+0800	INFO	middleware/middleware.go:63	The time cost is 1
2024-05-15T13:19:20.656+0800	INFO	middleware/middleware.go:63	The time cost is 0
2024-05-15T13:19:33.357+0800	INFO	middleware/middleware.go:63	The time cost is 55
2024-05-15T13:19:43.600+0800	INFO	middleware/middleware.go:63	The time cost is 53
2024-05-15T13:19:48.131+0800	INFO	repository/user_repo.go:31	query db result:&{{1} genji_77 源氏 $2a$10$rllmhUxrmjBEpxZI.vi7t.zBc/576sfJkRAGuCbYDRz2rY/SkaRkW https://robohash.org/2aea26d12e96c68bc20ae3d14d748a78?set=set4 2 1612977482@qq.com false 超级喜欢半泽由里子 0 0 0 0 0 0 0    1715484852727 0 0}
2024-05-15T13:19:48.178+0800	INFO	middleware/middleware.go:63	The time cost is 47
2024-05-15T13:19:53.270+0800	INFO	repository/user_repo.go:31	query db result:&{{1} genji_77 源氏 $2a$10$rllmhUxrmjBEpxZI.vi7t.zBc/576sfJkRAGuCbYDRz2rY/SkaRkW https://robohash.org/2aea26d12e96c68bc20ae3d14d748a78?set=set4 2 1612977482@qq.com false 超级喜欢半泽由里子 0 0 0 0 0 0 0    1715484852727 0 0}
2024-05-15T13:19:53.319+0800	INFO	middleware/middleware.go:63	The time cost is 49
2024-05-15T13:22:30.222+0800	INFO	database/mysql.go:51	数据库初始化完成
2024-05-15T13:23:30.464+0800	ERROR	repository/user_repo.go:28	query db error:%!(EXTRA *errors.errorString=record not found)
2024-05-15T13:23:30.464+0800	INFO	middleware/middleware.go:63	The time cost is 0
2024-05-15T13:23:44.769+0800	INFO	middleware/middleware.go:63	The time cost is 44
2024-05-15T13:23:50.358+0800	INFO	middleware/middleware.go:63	The time cost is 42
2024-05-15T13:23:56.765+0800	INFO	middleware/middleware.go:63	The time cost is 42
2024-05-15T13:27:09.730+0800	INFO	middleware/middleware.go:63	The time cost is 108
2024-05-15T13:27:16.667+0800	INFO	middleware/middleware.go:63	The time cost is 49
2024-05-15T13:27:43.203+0800	INFO	middleware/middleware.go:63	The time cost is 53
2024-05-18T10:06:03.006+0800	INFO	database/mysql.go:51	数据库初始化完成
2024-05-18T10:12:03.330+0800	INFO	middleware/middleware.go:63	The time cost is 0
2024-05-18T10:12:36.192+0800	INFO	middleware/middleware.go:63	The time cost is 0
2024-05-18T10:13:01.177+0800	INFO	middleware/middleware.go:63	The time cost is 0
2024-05-18T10:31:28.835+0800	INFO	database/mysql.go:51	数据库初始化完成
2024-05-18T10:31:41.807+0800	INFO	middleware/middleware.go:63	The time cost is 0
2024-05-18T10:41:20.284+0800	INFO	database/mysql.go:51	数据库初始化完成
2024-05-18T10:41:31.126+0800	INFO	middleware/middleware.go:63	The time cost is 41
2024-05-18T10:41:51.941+0800	INFO	middleware/middleware.go:63	The time cost is 41
2024-05-18T10:42:01.650+0800	INFO	middleware/middleware.go:63	The time cost is 4
2024-05-18T10:43:04.620+0800	INFO	middleware/middleware.go:63	The time cost is 46
2024-05-18T10:44:13.470+0800	INFO	guest/articles.go:24	&{1 第一篇文章 hello， world}
2024-05-18T10:44:13.484+0800	INFO	middleware/middleware.go:63	The time cost is 15
2024-05-18T10:46:06.696+0800	INFO	database/mysql.go:51	数据库初始化完成
2024-05-18T10:46:15.135+0800	INFO	database/mysql.go:51	数据库初始化完成
2024-05-18T10:46:50.633+0800	INFO	guest/articles.go:24	&{1 第一篇文章 hello， world}
2024-05-18T10:46:50.640+0800	INFO	middleware/middleware.go:63	The time cost is 7
2024-05-18T10:47:22.785+0800	INFO	guest/articles.go:24	&{1 第一篇文章 hello， world}
2024-05-18T10:47:22.790+0800	INFO	middleware/middleware.go:63	The time cost is 5
